<?xml version="1.0" encoding="UTF-8"?>
<!-- Generated by org.testng.reporters.JUnitXMLReporter -->
<testsuite ignored="2" hostname="DESKTOP-NH7HDV4" failures="0" tests="1" name="Command line test" time="48.974" errors="0" timestamp="22 Jan 2019 15:28:11 GMT">
  <testcase classname="testmodule.HomeTest" name="getSearchResult" time="9.001"/>
  <testcase classname="testmodule.HomeTest" name="getGoogleOfferedIn" time="0.0">
    <ignored/>
  </testcase> <!-- getGoogleOfferedIn -->
  <testcase classname="testmodule.HomeTest" name="getTitleOfPage" time="0.0">
    <ignored/>
  </testcase> <!-- getTitleOfPage -->
</testsuite> <!-- Command line test -->
