<?xml version="1.0" encoding="UTF-8"?>
<testng-results ignored="2" total="3" passed="1" failed="0" skipped="0">
  <reporter-output>
  </reporter-output>
  <suite started-at="2019-01-22T15:27:21Z" name="testmodule.HomeTest" finished-at="2019-01-22T15:28:10Z" duration-ms="48974">
    <groups>
    </groups>
    <test started-at="2019-01-22T15:27:21Z" name="Command line test" finished-at="2019-01-22T15:28:10Z" duration-ms="48974">
      <class name="testmodule.HomeTest">
        <test-method is-config="true" signature="befClass()[pri:0, instance:testmodule.HomeTest@79b06cab]" started-at="2019-01-22T15:27:21Z" name="befClass" finished-at="2019-01-22T15:28:01Z" duration-ms="39878" status="PASS">
          <reporter-output>
          </reporter-output>
        </test-method> <!-- befClass -->
        <test-method signature="getSearchResult()[pri:0, instance:testmodule.HomeTest@79b06cab]" started-at="2019-01-22T15:28:01Z" name="getSearchResult" finished-at="2019-01-22T15:28:10Z" duration-ms="9001" status="PASS">
          <reporter-output>
          </reporter-output>
        </test-method> <!-- getSearchResult -->
      </class> <!-- testmodule.HomeTest -->
    </test> <!-- Command line test -->
  </suite> <!-- testmodule.HomeTest -->
</testng-results>
