<?xml version="1.0" encoding="UTF-8"?>
<testng-results skipped="0" failed="0" ignored="0" total="1" passed="1">
  <reporter-output>
  </reporter-output>
  <suite name="Default suite" duration-ms="54952" started-at="2019-01-18T06:33:28Z" finished-at="2019-01-18T06:34:23Z">
    <groups>
    </groups>
    <test name="Default test" duration-ms="54952" started-at="2019-01-18T06:33:28Z" finished-at="2019-01-18T06:34:23Z">
      <class name="testmodule.HomeTest">
        <test-method status="PASS" signature="befClass()[pri:0, instance:testmodule.HomeTest@1500955a]" name="befClass" is-config="true" duration-ms="54872" started-at="2019-01-18T06:33:28Z" finished-at="2019-01-18T06:34:23Z">
          <reporter-output>
          </reporter-output>
        </test-method> <!-- befClass -->
        <test-method status="PASS" signature="getTitleOfPage()[pri:0, instance:testmodule.HomeTest@1500955a]" name="getTitleOfPage" duration-ms="29" started-at="2019-01-18T06:34:23Z" finished-at="2019-01-18T06:34:23Z">
          <reporter-output>
          </reporter-output>
        </test-method> <!-- getTitleOfPage -->
      </class> <!-- testmodule.HomeTest -->
    </test> <!-- Default test -->
  </suite> <!-- Default suite -->
</testng-results>
